# JRE version: OpenJDK Runtime Environment (17.0.6) (build 17.0.6+0-b2043.56-10027231)
# Java VM: OpenJDK 64-Bit Server VM (17.0.6+0-b2043.56-10027231, mixed mode, tiered, compressed oops, compressed class ptrs, g1 gc, windows-amd64)
GC Precious Log:
 CPUs: 8 total, 8 available
 Memory: 8062M
 Large Page Support: Disabled
 NUMA Support: Disabled
 Compressed Oops: Enabled (32-bit)
 Heap Region Size: 1M
 Heap Min Capacity: 8M
 Heap Initial Capacity: 126M
 Heap Max Capacity: 2G
 Pre-touch: Disabled
 Parallel Workers: 8
 Concurrent Workers: 2
 Concurrent Refinement Workers: 8
 Periodic GC: Disabled
Heap:
 garbage-first heap   total 337920K, used 151649K [0x0000000080000000, 0x0000000100000000)
  region size 1024K, 18 young (18432K), 18 survivors (18432K)
 Metaspace       used 119533K, committed 120384K, reserved 1155072K
  class space    used 16304K, committed 16704K, reserved 1048576K
GC Heap History (20 events):
Event: 70.386 GC heap after
{Heap after GC invocations=231 (full 179):
 garbage-first heap   total 337920K, used 109915K [0x0000000080000000, 0x0000000100000000)
  region size 1024K, 0 young (0K), 0 survivors (0K)
 Metaspace       used 107408K, committed 108160K, reserved 1146880K
  class space    used 14555K, committed 14912K, reserved 1048576K
}
Event: 70.388 GC heap before
{Heap before GC invocations=231 (full 179):
 garbage-first heap   total 337920K, used 109915K [0x0000000080000000, 0x0000000100000000)
  region size 1024K, 1 young (1024K), 0 survivors (0K)
 Metaspace       used 107408K, committed 108160K, reserved 1146880K
  class space    used 14555K, committed 14912K, reserved 1048576K
}
Event: 70.505 GC heap after
{Heap after GC invocations=232 (full 180):
 garbage-first heap   total 337920K, used 109926K [0x0000000080000000, 0x0000000100000000)
  region size 1024K, 0 young (0K), 0 survivors (0K)
 Metaspace       used 107408K, committed 108160K, reserved 1146880K
  class space    used 14555K, committed 14912K, reserved 1048576K
}
Event: 70.507 GC heap before
{Heap before GC invocations=232 (full 180):
 garbage-first heap   total 337920K, used 109926K [0x0000000080000000, 0x0000000100000000)
  region size 1024K, 1 young (1024K), 0 survivors (0K)
 Metaspace       used 107411K, committed 108224K, reserved 1146880K
  class space    used 14556K, committed 14912K, reserved 1048576K
}
Event: 70.636 GC heap after
{Heap after GC invocations=233 (full 181):
 garbage-first heap   total 337920K, used 109931K [0x0000000080000000, 0x0000000100000000)
  region size 1024K, 0 young (0K), 0 survivors (0K)
 Metaspace       used 107411K, committed 108224K, reserved 1146880K
  class space    used 14556K, committed 14912K, reserved 1048576K
}
Event: 70.645 GC heap before
{Heap before GC invocations=233 (full 181):
 garbage-first heap   total 337920K, used 109931K [0x0000000080000000, 0x0000000100000000)
  region size 1024K, 1 young (1024K), 0 survivors (0K)
 Metaspace       used 107411K, committed 108224K, reserved 1146880K
  class space    used 14556K, committed 14912K, reserved 1048576K
}
Event: 70.757 GC heap after
{Heap after GC invocations=234 (full 182):
 garbage-first heap   total 337920K, used 109933K [0x0000000080000000, 0x0000000100000000)
  region size 1024K, 0 young (0K), 0 survivors (0K)
 Metaspace       used 107411K, committed 108224K, reserved 1146880K
  class space    used 14556K, committed 14912K, reserved 1048576K
}
Event: 70.759 GC heap before
{Heap before GC invocations=234 (full 182):
 garbage-first heap   total 337920K, used 109933K [0x0000000080000000, 0x0000000100000000)
  region size 1024K, 1 young (1024K), 0 survivors (0K)
 Metaspace       used 107411K, committed 108224K, reserved 1146880K
  class space    used 14556K, committed 14912K, reserved 1048576K
}
Event: 70.877 GC heap after
{Heap after GC invocations=235 (full 183):
 garbage-first heap   total 337920K, used 109931K [0x0000000080000000, 0x0000000100000000)
  region size 1024K, 0 young (0K), 0 survivors (0K)
 Metaspace       used 107411K, committed 108224K, reserved 1146880K
  class space    used 14556K, committed 14912K, reserved 1048576K
}
Event: 70.880 GC heap before
{Heap before GC invocations=235 (full 183):
 garbage-first heap   total 337920K, used 109931K [0x0000000080000000, 0x0000000100000000)
  region size 1024K, 1 young (1024K), 0 survivors (0K)
 Metaspace       used 107411K, committed 108224K, reserved 1146880K
  class space    used 14556K, committed 14912K, reserved 1048576K
}
Event: 70.997 GC heap after
{Heap after GC invocations=236 (full 184):
 garbage-first heap   total 337920K, used 109937K [0x0000000080000000, 0x0000000100000000)
  region size 1024K, 0 young (0K), 0 survivors (0K)
 Metaspace       used 107411K, committed 108224K, reserved 1146880K
  class space    used 14556K, committed 14912K, reserved 1048576K
}
Event: 71.021 GC heap before
{Heap before GC invocations=236 (full 184):
 garbage-first heap   total 337920K, used 113009K [0x0000000080000000, 0x0000000100000000)
  region size 1024K, 4 young (4096K), 0 survivors (0K)
 Metaspace       used 107413K, committed 108224K, reserved 1146880K
  class space    used 14556K, committed 14912K, reserved 1048576K
}
Event: 71.155 GC heap after
{Heap after GC invocations=237 (full 185):
 garbage-first heap   total 337920K, used 109909K [0x0000000080000000, 0x0000000100000000)
  region size 1024K, 0 young (0K), 0 survivors (0K)
 Metaspace       used 107413K, committed 108224K, reserved 1146880K
  class space    used 14556K, committed 14912K, reserved 1048576K
}
Event: 71.176 GC heap before
{Heap before GC invocations=237 (full 185):
 garbage-first heap   total 337920K, used 114005K [0x0000000080000000, 0x0000000100000000)
  region size 1024K, 5 young (5120K), 0 survivors (0K)
 Metaspace       used 107416K, committed 108224K, reserved 1146880K
  class space    used 14556K, committed 14912K, reserved 1048576K
}
Event: 71.289 GC heap after
{Heap after GC invocations=238 (full 186):
 garbage-first heap   total 337920K, used 110036K [0x0000000080000000, 0x0000000100000000)
  region size 1024K, 0 young (0K), 0 survivors (0K)
 Metaspace       used 107416K, committed 108224K, reserved 1146880K
  class space    used 14556K, committed 14912K, reserved 1048576K
}
Event: 71.309 GC heap before
{Heap before GC invocations=238 (full 186):
 garbage-first heap   total 337920K, used 110036K [0x0000000080000000, 0x0000000100000000)
  region size 1024K, 1 young (1024K), 0 survivors (0K)
 Metaspace       used 107416K, committed 108224K, reserved 1146880K
  class space    used 14556K, committed 14912K, reserved 1048576K
}
Event: 71.424 GC heap after
{Heap after GC invocations=239 (full 187):
 garbage-first heap   total 337920K, used 110033K [0x0000000080000000, 0x0000000100000000)
  region size 1024K, 0 young (0K), 0 survivors (0K)
 Metaspace       used 107416K, committed 108224K, reserved 1146880K
  class space    used 14556K, committed 14912K, reserved 1048576K
}
Event: 71.436 GC heap before
{Heap before GC invocations=239 (full 187):
 garbage-first heap   total 337920K, used 110033K [0x0000000080000000, 0x0000000100000000)
  region size 1024K, 1 young (1024K), 0 survivors (0K)
 Metaspace       used 107416K, committed 108224K, reserved 1146880K
  class space    used 14556K, committed 14912K, reserved 1048576K
}
Event: 71.549 GC heap after
{Heap after GC invocations=240 (full 188):
 garbage-first heap   total 337920K, used 110033K [0x0000000080000000, 0x0000000100000000)
  region size 1024K, 0 young (0K), 0 survivors (0K)
 Metaspace       used 107416K, committed 108224K, reserved 1146880K
  class space    used 14556K, committed 14912K, reserved 1048576K
}
Event: 76.408 GC heap before
{Heap before GC invocations=240 (full 188):
 garbage-first heap   total 337920K, used 267729K [0x0000000080000000, 0x0000000100000000)
  region size 1024K, 125 young (128000K), 0 survivors (0K)
 Metaspace       used 119533K, committed 120384K, reserved 1155072K
  class space    used 16304K, committed 16704K, reserved 1048576K
}

