# JRE version: OpenJDK Runtime Environment (17.0.6) (build 17.0.6+0-b2043.56-10027231)
# Java VM: OpenJDK 64-Bit Server VM (17.0.6+0-b2043.56-10027231, mixed mode, tiered, compressed oops, compressed class ptrs, g1 gc, windows-amd64)
GC Precious Log:
 CPUs: 8 total, 8 available
 Memory: 8062M
 Large Page Support: Disabled
 NUMA Support: Disabled
 Compressed Oops: Enabled (32-bit)
 Heap Region Size: 1M
 Heap Min Capacity: 8M
 Heap Initial Capacity: 126M
 Heap Max Capacity: 2G
 Pre-touch: Disabled
 Parallel Workers: 8
 Concurrent Workers: 2
 Concurrent Refinement Workers: 8
 Periodic GC: Disabled
Heap:
 garbage-first heap   total 312320K, used 244338K [0x0000000080000000, 0x0000000100000000)
  region size 1024K, 92 young (94208K), 12 survivors (12288K)
 Metaspace       used 126439K, committed 127296K, reserved 1163264K
  class space    used 17181K, committed 17600K, reserved 1048576K
GC Heap History (20 events):
Event: 18.488 GC heap before
{Heap before GC invocations=34 (full 0):
 garbage-first heap   total 183296K, used 147777K [0x0000000080000000, 0x0000000100000000)
  region size 1024K, 63 young (64512K), 6 survivors (6144K)
 Metaspace       used 95816K, committed 96512K, reserved 1138688K
  class space    used 13185K, committed 13504K, reserved 1048576K
}
Event: 18.503 GC heap after
{Heap after GC invocations=35 (full 0):
 garbage-first heap   total 183296K, used 97500K [0x0000000080000000, 0x0000000100000000)
  region size 1024K, 8 young (8192K), 8 survivors (8192K)
 Metaspace       used 95816K, committed 96512K, reserved 1138688K
  class space    used 13185K, committed 13504K, reserved 1048576K
}
Event: 19.575 GC heap before
{Heap before GC invocations=35 (full 0):
 garbage-first heap   total 183296K, used 146652K [0x0000000080000000, 0x0000000100000000)
  region size 1024K, 57 young (58368K), 8 survivors (8192K)
 Metaspace       used 97633K, committed 98368K, reserved 1138688K
  class space    used 13507K, committed 13824K, reserved 1048576K
}
Event: 19.588 GC heap after
{Heap after GC invocations=36 (full 0):
 garbage-first heap   total 183296K, used 104183K [0x0000000080000000, 0x0000000100000000)
  region size 1024K, 7 young (7168K), 7 survivors (7168K)
 Metaspace       used 97633K, committed 98368K, reserved 1138688K
  class space    used 13507K, committed 13824K, reserved 1048576K
}
Event: 19.964 GC heap before
{Heap before GC invocations=36 (full 0):
 garbage-first heap   total 183296K, used 148215K [0x0000000080000000, 0x0000000100000000)
  region size 1024K, 51 young (52224K), 7 survivors (7168K)
 Metaspace       used 97800K, committed 98560K, reserved 1138688K
  class space    used 13508K, committed 13824K, reserved 1048576K
}
Event: 19.972 GC heap after
{Heap after GC invocations=37 (full 0):
 garbage-first heap   total 183296K, used 107416K [0x0000000080000000, 0x0000000100000000)
  region size 1024K, 5 young (5120K), 5 survivors (5120K)
 Metaspace       used 97800K, committed 98560K, reserved 1138688K
  class space    used 13508K, committed 13824K, reserved 1048576K
}
Event: 20.886 GC heap before
{Heap before GC invocations=37 (full 0):
 garbage-first heap   total 183296K, used 153496K [0x0000000080000000, 0x0000000100000000)
  region size 1024K, 47 young (48128K), 5 survivors (5120K)
 Metaspace       used 100746K, committed 101568K, reserved 1138688K
  class space    used 13826K, committed 14208K, reserved 1048576K
}
Event: 20.894 GC heap after
{Heap after GC invocations=38 (full 0):
 garbage-first heap   total 183296K, used 113305K [0x0000000080000000, 0x0000000100000000)
  region size 1024K, 4 young (4096K), 4 survivors (4096K)
 Metaspace       used 100746K, committed 101568K, reserved 1138688K
  class space    used 13826K, committed 14208K, reserved 1048576K
}
Event: 21.451 GC heap before
{Heap before GC invocations=38 (full 0):
 garbage-first heap   total 183296K, used 151193K [0x0000000080000000, 0x0000000100000000)
  region size 1024K, 42 young (43008K), 4 survivors (4096K)
 Metaspace       used 102281K, committed 103104K, reserved 1138688K
  class space    used 13992K, committed 14336K, reserved 1048576K
}
Event: 21.467 GC heap after
{Heap after GC invocations=39 (full 0):
 garbage-first heap   total 183296K, used 128906K [0x0000000080000000, 0x0000000100000000)
  region size 1024K, 6 young (6144K), 6 survivors (6144K)
 Metaspace       used 102281K, committed 103104K, reserved 1138688K
  class space    used 13992K, committed 14336K, reserved 1048576K
}
Event: 22.117 GC heap before
{Heap before GC invocations=39 (full 0):
 garbage-first heap   total 183296K, used 157578K [0x0000000080000000, 0x0000000100000000)
  region size 1024K, 28 young (28672K), 6 survivors (6144K)
 Metaspace       used 104501K, committed 105344K, reserved 1146880K
  class space    used 14277K, committed 14656K, reserved 1048576K
}
Event: 22.132 GC heap after
{Heap after GC invocations=40 (full 0):
 garbage-first heap   total 312320K, used 142336K [0x0000000080000000, 0x0000000100000000)
  region size 1024K, 4 young (4096K), 4 survivors (4096K)
 Metaspace       used 104501K, committed 105344K, reserved 1146880K
  class space    used 14277K, committed 14656K, reserved 1048576K
}
Event: 24.548 GC heap before
{Heap before GC invocations=40 (full 0):
 garbage-first heap   total 312320K, used 240640K [0x0000000080000000, 0x0000000100000000)
  region size 1024K, 80 young (81920K), 4 survivors (4096K)
 Metaspace       used 107818K, committed 108736K, reserved 1146880K
  class space    used 14627K, committed 15040K, reserved 1048576K
}
Event: 24.565 GC heap after
{Heap after GC invocations=41 (full 0):
 garbage-first heap   total 312320K, used 146432K [0x0000000080000000, 0x0000000100000000)
  region size 1024K, 10 young (10240K), 10 survivors (10240K)
 Metaspace       used 107818K, committed 108736K, reserved 1146880K
  class space    used 14627K, committed 15040K, reserved 1048576K
}
Event: 28.295 GC heap before
{Heap before GC invocations=41 (full 0):
 garbage-first heap   total 312320K, used 235520K [0x0000000080000000, 0x0000000100000000)
  region size 1024K, 98 young (100352K), 10 survivors (10240K)
 Metaspace       used 110835K, committed 111680K, reserved 1146880K
  class space    used 14971K, committed 15360K, reserved 1048576K
}
Event: 28.313 GC heap after
{Heap after GC invocations=42 (full 0):
 garbage-first heap   total 312320K, used 153108K [0x0000000080000000, 0x0000000100000000)
  region size 1024K, 13 young (13312K), 13 survivors (13312K)
 Metaspace       used 110835K, committed 111680K, reserved 1146880K
  class space    used 14971K, committed 15360K, reserved 1048576K
}
Event: 30.692 GC heap before
{Heap before GC invocations=42 (full 0):
 garbage-first heap   total 312320K, used 239124K [0x0000000080000000, 0x0000000100000000)
  region size 1024K, 98 young (100352K), 13 survivors (13312K)
 Metaspace       used 111356K, committed 112192K, reserved 1146880K
  class space    used 15035K, committed 15424K, reserved 1048576K
}
Event: 30.707 GC heap after
{Heap after GC invocations=43 (full 0):
 garbage-first heap   total 312320K, used 158250K [0x0000000080000000, 0x0000000100000000)
  region size 1024K, 13 young (13312K), 13 survivors (13312K)
 Metaspace       used 111356K, committed 112192K, reserved 1146880K
  class space    used 15035K, committed 15424K, reserved 1048576K
}
Event: 33.736 GC heap before
{Heap before GC invocations=43 (full 0):
 garbage-first heap   total 312320K, used 244266K [0x0000000080000000, 0x0000000100000000)
  region size 1024K, 98 young (100352K), 13 survivors (13312K)
 Metaspace       used 118651K, committed 119552K, reserved 1155072K
  class space    used 16048K, committed 16448K, reserved 1048576K
}
Event: 33.756 GC heap after
{Heap after GC invocations=44 (full 0):
 garbage-first heap   total 312320K, used 163442K [0x0000000080000000, 0x0000000100000000)
  region size 1024K, 12 young (12288K), 12 survivors (12288K)
 Metaspace       used 118651K, committed 119552K, reserved 1155072K
  class space    used 16048K, committed 16448K, reserved 1048576K
}

