# JRE version: OpenJDK Runtime Environment (17.0.6) (build 17.0.6+0-b2043.56-10027231)
# Java VM: OpenJDK 64-Bit Server VM (17.0.6+0-b2043.56-10027231, mixed mode, tiered, compressed oops, compressed class ptrs, g1 gc, windows-amd64)
GC Precious Log:
 CPUs: 8 total, 8 available
 Memory: 8062M
 Large Page Support: Disabled
 NUMA Support: Disabled
 Compressed Oops: Enabled (32-bit)
 Heap Region Size: 1M
 Heap Min Capacity: 8M
 Heap Initial Capacity: 126M
 Heap Max Capacity: 2G
 Pre-touch: Disabled
 Parallel Workers: 8
 Concurrent Workers: 2
 Concurrent Refinement Workers: 8
 Periodic GC: Disabled
Heap:
 garbage-first heap   total 485376K, used 145345K [0x0000000080000000, 0x0000000100000000)
  region size 1024K, 1 young (1024K), 1 survivors (1024K)
 Metaspace       used 160119K, committed 161024K, reserved 1196032K
  class space    used 21092K, committed 21504K, reserved 1048576K
GC Heap History (20 events):
Event: 42.483 GC heap after
{Heap after GC invocations=66 (full 7):
 garbage-first heap   total 512000K, used 191326K [0x0000000080000000, 0x0000000100000000)
  region size 1024K, 8 young (8192K), 8 survivors (8192K)
 Metaspace       used 159970K, committed 160896K, reserved 1196032K
  class space    used 21083K, committed 21504K, reserved 1048576K
}
Event: 42.486 GC heap before
{Heap before GC invocations=66 (full 7):
 garbage-first heap   total 512000K, used 191326K [0x0000000080000000, 0x0000000100000000)
  region size 1024K, 9 young (9216K), 8 survivors (8192K)
 Metaspace       used 159970K, committed 160896K, reserved 1196032K
  class space    used 21083K, committed 21504K, reserved 1048576K
}
Event: 42.692 GC heap after
{Heap after GC invocations=67 (full 8):
 garbage-first heap   total 512000K, used 186421K [0x0000000080000000, 0x0000000100000000)
  region size 1024K, 0 young (0K), 0 survivors (0K)
 Metaspace       used 159970K, committed 160896K, reserved 1196032K
  class space    used 21083K, committed 21504K, reserved 1048576K
}
Event: 42.727 GC heap before
{Heap before GC invocations=67 (full 8):
 garbage-first heap   total 512000K, used 192565K [0x0000000080000000, 0x0000000100000000)
  region size 1024K, 7 young (7168K), 0 survivors (0K)
 Metaspace       used 159982K, committed 160896K, reserved 1196032K
  class space    used 21083K, committed 21504K, reserved 1048576K
}
Event: 42.729 GC heap after
{Heap after GC invocations=68 (full 8):
 garbage-first heap   total 512000K, used 186880K [0x0000000080000000, 0x0000000100000000)
  region size 1024K, 1 young (1024K), 1 survivors (1024K)
 Metaspace       used 159982K, committed 160896K, reserved 1196032K
  class space    used 21083K, committed 21504K, reserved 1048576K
}
Event: 45.288 GC heap before
{Heap before GC invocations=68 (full 8):
 garbage-first heap   total 512000K, used 312832K [0x0000000080000000, 0x0000000100000000)
  region size 1024K, 123 young (125952K), 1 survivors (1024K)
 Metaspace       used 160114K, committed 160960K, reserved 1196032K
  class space    used 21092K, committed 21504K, reserved 1048576K
}
Event: 45.430 GC heap after
{Heap after GC invocations=69 (full 9):
 garbage-first heap   total 491520K, used 143966K [0x0000000080000000, 0x0000000100000000)
  region size 1024K, 0 young (0K), 0 survivors (0K)
 Metaspace       used 160114K, committed 160960K, reserved 1196032K
  class space    used 21092K, committed 21504K, reserved 1048576K
}
Event: 45.444 GC heap before
{Heap before GC invocations=69 (full 9):
 garbage-first heap   total 491520K, used 143966K [0x0000000080000000, 0x0000000100000000)
  region size 1024K, 1 young (1024K), 0 survivors (0K)
 Metaspace       used 160114K, committed 160960K, reserved 1196032K
  class space    used 21092K, committed 21504K, reserved 1048576K
}
Event: 45.585 GC heap after
{Heap after GC invocations=70 (full 10):
 garbage-first heap   total 485376K, used 143967K [0x0000000080000000, 0x0000000100000000)
  region size 1024K, 0 young (0K), 0 survivors (0K)
 Metaspace       used 160114K, committed 160960K, reserved 1196032K
  class space    used 21092K, committed 21504K, reserved 1048576K
}
Event: 45.600 GC heap before
{Heap before GC invocations=70 (full 10):
 garbage-first heap   total 485376K, used 143967K [0x0000000080000000, 0x0000000100000000)
  region size 1024K, 1 young (1024K), 0 survivors (0K)
 Metaspace       used 160114K, committed 160960K, reserved 1196032K
  class space    used 21092K, committed 21504K, reserved 1048576K
}
Event: 45.741 GC heap after
{Heap after GC invocations=71 (full 11):
 garbage-first heap   total 485376K, used 143966K [0x0000000080000000, 0x0000000100000000)
  region size 1024K, 0 young (0K), 0 survivors (0K)
 Metaspace       used 160114K, committed 160960K, reserved 1196032K
  class space    used 21092K, committed 21504K, reserved 1048576K
}
Event: 45.951 GC heap before
{Heap before GC invocations=71 (full 11):
 garbage-first heap   total 485376K, used 155230K [0x0000000080000000, 0x0000000100000000)
  region size 1024K, 12 young (12288K), 0 survivors (0K)
 Metaspace       used 160115K, committed 160960K, reserved 1196032K
  class space    used 21092K, committed 21504K, reserved 1048576K
}
Event: 46.086 GC heap after
{Heap after GC invocations=72 (full 12):
 garbage-first heap   total 485376K, used 144292K [0x0000000080000000, 0x0000000100000000)
  region size 1024K, 0 young (0K), 0 survivors (0K)
 Metaspace       used 160115K, committed 160960K, reserved 1196032K
  class space    used 21092K, committed 21504K, reserved 1048576K
}
Event: 46.109 GC heap before
{Heap before GC invocations=72 (full 12):
 garbage-first heap   total 485376K, used 144292K [0x0000000080000000, 0x0000000100000000)
  region size 1024K, 1 young (1024K), 0 survivors (0K)
 Metaspace       used 160115K, committed 160960K, reserved 1196032K
  class space    used 21092K, committed 21504K, reserved 1048576K
}
Event: 46.239 GC heap after
{Heap after GC invocations=73 (full 13):
 garbage-first heap   total 485376K, used 144300K [0x0000000080000000, 0x0000000100000000)
  region size 1024K, 0 young (0K), 0 survivors (0K)
 Metaspace       used 160115K, committed 160960K, reserved 1196032K
  class space    used 21092K, committed 21504K, reserved 1048576K
}
Event: 46.278 GC heap before
{Heap before GC invocations=73 (full 13):
 garbage-first heap   total 485376K, used 147372K [0x0000000080000000, 0x0000000100000000)
  region size 1024K, 4 young (4096K), 0 survivors (0K)
 Metaspace       used 160117K, committed 160960K, reserved 1196032K
  class space    used 21092K, committed 21504K, reserved 1048576K
}
Event: 46.396 GC heap after
{Heap after GC invocations=74 (full 14):
 garbage-first heap   total 485376K, used 144376K [0x0000000080000000, 0x0000000100000000)
  region size 1024K, 0 young (0K), 0 survivors (0K)
 Metaspace       used 160117K, committed 160960K, reserved 1196032K
  class space    used 21092K, committed 21504K, reserved 1048576K
}
Event: 46.409 GC heap before
{Heap before GC invocations=74 (full 14):
 garbage-first heap   total 485376K, used 145400K [0x0000000080000000, 0x0000000100000000)
  region size 1024K, 2 young (2048K), 0 survivors (0K)
 Metaspace       used 160117K, committed 160960K, reserved 1196032K
  class space    used 21092K, committed 21504K, reserved 1048576K
}
Event: 46.531 GC heap after
{Heap after GC invocations=75 (full 15):
 garbage-first heap   total 485376K, used 144416K [0x0000000080000000, 0x0000000100000000)
  region size 1024K, 0 young (0K), 0 survivors (0K)
 Metaspace       used 160117K, committed 160960K, reserved 1196032K
  class space    used 21092K, committed 21504K, reserved 1048576K
}
Event: 46.548 GC heap before
{Heap before GC invocations=75 (full 15):
 garbage-first heap   total 485376K, used 148512K [0x0000000080000000, 0x0000000100000000)
  region size 1024K, 5 young (5120K), 0 survivors (0K)
 Metaspace       used 160119K, committed 161024K, reserved 1196032K
  class space    used 21092K, committed 21504K, reserved 1048576K
}

