# JRE version: OpenJDK Runtime Environment (17.0.6) (build 17.0.6+0-b2043.56-10027231)
# Java VM: OpenJDK 64-Bit Server VM (17.0.6+0-b2043.56-10027231, mixed mode, tiered, compressed oops, compressed class ptrs, g1 gc, windows-amd64)
GC Precious Log:
 CPUs: 8 total, 8 available
 Memory: 8062M
 Large Page Support: Disabled
 NUMA Support: Disabled
 Compressed Oops: Enabled (32-bit)
 Heap Region Size: 1M
 Heap Min Capacity: 8M
 Heap Initial Capacity: 126M
 Heap Max Capacity: 2G
 Pre-touch: Disabled
 Parallel Workers: 8
 Concurrent Workers: 2
 Concurrent Refinement Workers: 8
 Periodic GC: Disabled
Heap:
 garbage-first heap   total 331776K, used 177625K [0x0000000080000000, 0x0000000100000000)
  region size 1024K, 8 young (8192K), 8 survivors (8192K)
 Metaspace       used 127879K, committed 129088K, reserved 1163264K
  class space    used 17730K, committed 18304K, reserved 1048576K
GC Heap History (20 events):
Event: 58.796 GC heap after
{Heap after GC invocations=46 (full 0):
 garbage-first heap   total 234496K, used 134029K [0x0000000080000000, 0x0000000100000000)
  region size 1024K, 5 young (5120K), 5 survivors (5120K)
 Metaspace       used 120048K, committed 121024K, reserved 1155072K
  class space    used 16781K, committed 17216K, reserved 1048576K
}
Event: 59.029 GC heap before
{Heap before GC invocations=46 (full 0):
 garbage-first heap   total 234496K, used 140173K [0x0000000080000000, 0x0000000100000000)
  region size 1024K, 11 young (11264K), 5 survivors (5120K)
 Metaspace       used 120353K, committed 121280K, reserved 1155072K
  class space    used 16814K, committed 17216K, reserved 1048576K
}
Event: 59.041 GC heap after
{Heap after GC invocations=47 (full 0):
 garbage-first heap   total 234496K, used 131729K [0x0000000080000000, 0x0000000100000000)
  region size 1024K, 2 young (2048K), 2 survivors (2048K)
 Metaspace       used 120353K, committed 121280K, reserved 1155072K
  class space    used 16814K, committed 17216K, reserved 1048576K
}
Event: 378.381 GC heap before
{Heap before GC invocations=47 (full 0):
 garbage-first heap   total 234496K, used 223889K [0x0000000080000000, 0x0000000100000000)
  region size 1024K, 53 young (54272K), 2 survivors (2048K)
 Metaspace       used 123375K, committed 124352K, reserved 1163264K
  class space    used 17205K, committed 17664K, reserved 1048576K
}
Event: 378.408 GC heap after
{Heap after GC invocations=48 (full 0):
 garbage-first heap   total 234496K, used 135493K [0x0000000080000000, 0x0000000100000000)
  region size 1024K, 5 young (5120K), 5 survivors (5120K)
 Metaspace       used 123375K, committed 124352K, reserved 1163264K
  class space    used 17205K, committed 17664K, reserved 1048576K
}
Event: 379.796 GC heap before
{Heap before GC invocations=49 (full 0):
 garbage-first heap   total 260096K, used 194885K [0x0000000080000000, 0x0000000100000000)
  region size 1024K, 64 young (65536K), 5 survivors (5120K)
 Metaspace       used 123885K, committed 124864K, reserved 1163264K
  class space    used 17221K, committed 17664K, reserved 1048576K
}
Event: 379.816 GC heap after
{Heap after GC invocations=50 (full 0):
 garbage-first heap   total 260096K, used 142415K [0x0000000080000000, 0x0000000100000000)
  region size 1024K, 8 young (8192K), 8 survivors (8192K)
 Metaspace       used 123885K, committed 124864K, reserved 1163264K
  class space    used 17221K, committed 17664K, reserved 1048576K
}
Event: 379.867 GC heap before
{Heap before GC invocations=50 (full 0):
 garbage-first heap   total 260096K, used 145487K [0x0000000080000000, 0x0000000100000000)
  region size 1024K, 12 young (12288K), 8 survivors (8192K)
 Metaspace       used 123896K, committed 124864K, reserved 1163264K
  class space    used 17221K, committed 17664K, reserved 1048576K
}
Event: 379.925 GC heap after
{Heap after GC invocations=51 (full 0):
 garbage-first heap   total 260096K, used 141533K [0x0000000080000000, 0x0000000100000000)
  region size 1024K, 2 young (2048K), 2 survivors (2048K)
 Metaspace       used 123896K, committed 124864K, reserved 1163264K
  class space    used 17221K, committed 17664K, reserved 1048576K
}
Event: 571.765 GC heap before
{Heap before GC invocations=51 (full 0):
 garbage-first heap   total 260096K, used 211165K [0x0000000080000000, 0x0000000100000000)
  region size 1024K, 71 young (72704K), 2 survivors (2048K)
 Metaspace       used 124233K, committed 125248K, reserved 1163264K
  class space    used 17247K, committed 17728K, reserved 1048576K
}
Event: 571.775 GC heap after
{Heap after GC invocations=52 (full 0):
 garbage-first heap   total 260096K, used 146470K [0x0000000080000000, 0x0000000100000000)
  region size 1024K, 7 young (7168K), 7 survivors (7168K)
 Metaspace       used 124233K, committed 125248K, reserved 1163264K
  class space    used 17247K, committed 17728K, reserved 1048576K
}
Event: 572.837 GC heap before
{Heap before GC invocations=52 (full 0):
 garbage-first heap   total 260096K, used 212006K [0x0000000080000000, 0x0000000100000000)
  region size 1024K, 72 young (73728K), 7 survivors (7168K)
 Metaspace       used 124493K, committed 125568K, reserved 1163264K
  class space    used 17250K, committed 17728K, reserved 1048576K
}
Event: 572.856 GC heap after
{Heap after GC invocations=53 (full 0):
 garbage-first heap   total 260096K, used 154084K [0x0000000080000000, 0x0000000100000000)
  region size 1024K, 9 young (9216K), 9 survivors (9216K)
 Metaspace       used 124493K, committed 125568K, reserved 1163264K
  class space    used 17250K, committed 17728K, reserved 1048576K
}
Event: 577.654 GC heap before
{Heap before GC invocations=53 (full 0):
 garbage-first heap   total 260096K, used 221668K [0x0000000080000000, 0x0000000100000000)
  region size 1024K, 55 young (56320K), 9 survivors (9216K)
 Metaspace       used 124891K, committed 125952K, reserved 1163264K
  class space    used 17282K, committed 17728K, reserved 1048576K
}
Event: 577.673 GC heap after
{Heap after GC invocations=54 (full 0):
 garbage-first heap   total 260096K, used 177407K [0x0000000080000000, 0x0000000100000000)
  region size 1024K, 3 young (3072K), 3 survivors (3072K)
 Metaspace       used 124891K, committed 125952K, reserved 1163264K
  class space    used 17282K, committed 17728K, reserved 1048576K
}
Event: 1373.112 GC heap before
{Heap before GC invocations=55 (full 0):
 garbage-first heap   total 331776K, used 260351K [0x0000000080000000, 0x0000000100000000)
  region size 1024K, 44 young (45056K), 3 survivors (3072K)
 Metaspace       used 125840K, committed 127040K, reserved 1163264K
  class space    used 17449K, committed 18048K, reserved 1048576K
}
Event: 1373.123 GC heap after
{Heap after GC invocations=56 (full 0):
 garbage-first heap   total 331776K, used 185344K [0x0000000080000000, 0x0000000100000000)
  region size 1024K, 6 young (6144K), 6 survivors (6144K)
 Metaspace       used 125840K, committed 127040K, reserved 1163264K
  class space    used 17449K, committed 18048K, reserved 1048576K
}
Event: 1373.508 GC heap before
{Heap before GC invocations=56 (full 0):
 garbage-first heap   total 331776K, used 200704K [0x0000000080000000, 0x0000000100000000)
  region size 1024K, 16 young (16384K), 6 survivors (6144K)
 Metaspace       used 126499K, committed 127680K, reserved 1163264K
  class space    used 17529K, committed 18112K, reserved 1048576K
}
Event: 1373.545 GC heap after
{Heap after GC invocations=57 (full 0):
 garbage-first heap   total 331776K, used 171970K [0x0000000080000000, 0x0000000100000000)
  region size 1024K, 2 young (2048K), 2 survivors (2048K)
 Metaspace       used 126499K, committed 127680K, reserved 1163264K
  class space    used 17529K, committed 18112K, reserved 1048576K
}
Event: 1374.541 GC heap before
{Heap before GC invocations=57 (full 0):
 garbage-first heap   total 331776K, used 230338K [0x0000000080000000, 0x0000000100000000)
  region size 1024K, 60 young (61440K), 2 survivors (2048K)
 Metaspace       used 127879K, committed 129088K, reserved 1163264K
  class space    used 17730K, committed 18304K, reserved 1048576K
}

